<?xml version="1.0" encoding="UTF-8"?>
<!-- Generated by org.testng.reporters.JUnitReportReporter -->
<testsuite hostname="DESKTOP-TA655VC" failures="0" tests="1" name="com.testNG.vasu.ValidationTest" time="0.025" errors="0" timestamp="2023-07-07T07:05:19 IST" skipped="0">
  <testcase classname="com.testNG.vasu.ValidationTest" name="validation" time="0.025"/>
  <system-out/>
</testsuite> <!-- com.testNG.vasu.ValidationTest -->
