<?xml version="1.0" encoding="UTF-8"?>
<!-- Generated by org.testng.reporters.JUnitReportReporter -->
<testsuite hostname="DESKTOP-TA655VC" failures="0" tests="2" name="com.testNG.vasu.ParameterizationTest" time="0.018" errors="0" timestamp="2023-07-07T07:21:35 IST" skipped="0">
  <testcase classname="com.testNG.vasu.ParameterizationTest" name="sample" time="0.006"/>
  <system-out/>
  <testcase classname="com.testNG.vasu.ParameterizationTest" name="sample" time="0.012"/>
  <system-out/>
</testsuite> <!-- com.testNG.vasu.ParameterizationTest -->
