<?xml version="1.0" encoding="UTF-8"?>
<!-- Generated by org.testng.reporters.JUnitReportReporter -->
<testsuite hostname="DESKTOP-TA655VC" failures="0" tests="1" name="com.testNG.vasu.SampleTestNGTest" time="0.004" errors="0" timestamp="2023-07-08T07:14:24 IST" skipped="0">
  <testcase classname="com.testNG.vasu.SampleTestNGTest" name="sample" time="0.004"/>
  <system-out/>
</testsuite> <!-- com.testNG.vasu.SampleTestNGTest -->
