<?xml version="1.0" encoding="UTF-8"?>
<!-- Generated by org.testng.reporters.JUnitReportReporter -->
<testsuite hostname="DESKTOP-TA655VC" failures="0" tests="2" name="com.testNG.vasu.AnnotationsTest1" time="0.026" errors="0" timestamp="2023-07-06T07:29:01 IST" skipped="0">
  <testcase classname="com.testNG.vasu.AnnotationsTest1" name="test2" time="0.006"/>
  <system-out/>
  <testcase classname="com.testNG.vasu.AnnotationsTest1" name="test1" time="0.020"/>
  <system-out/>
</testsuite> <!-- com.testNG.vasu.AnnotationsTest1 -->
