<?xml version="1.0" encoding="UTF-8"?>
<!-- Generated by org.testng.reporters.JUnitReportReporter -->
<testsuite hostname="DESKTOP-TA655VC" failures="0" tests="1" name="com.testNG.vasu.NEWTestNG" time="0.019" errors="0" timestamp="2023-07-10T07:23:44 IST" skipped="0">
  <testcase classname="com.testNG.vasu.NEWTestNG" name="gitPush" time="0.019"/>
  <system-out/>
</testsuite> <!-- com.testNG.vasu.NEWTestNG -->
