<?xml version="1.0" encoding="UTF-8"?>
<!-- Generated by org.testng.reporters.JUnitReportReporter -->
<testsuite hostname="DESKTOP-TA655VC" failures="0" tests="1" name="com.testNG.vasu.AdminLoginTest" time="26.656" errors="0" timestamp="2023-07-06T07:16:23 IST" skipped="0">
  <testcase classname="com.testNG.vasu.AdminLoginTest" name="adminLogin" time="26.656"/>
  <system-out/>
</testsuite> <!-- com.testNG.vasu.AdminLoginTest -->
