<?xml version="1.0" encoding="UTF-8"?>
<!-- Generated by org.testng.reporters.JUnitReportReporter -->
<testsuite hostname="DESKTOP-TA655VC" failures="0" tests="2" name="com.testNG.vasu.MultipleTestNGTest" time="0.032" errors="0" timestamp="2023-07-08T07:14:24 IST" skipped="0">
  <testcase classname="com.testNG.vasu.MultipleTestNGTest" name="ankitha" time="0.021"/>
  <system-out/>
  <testcase classname="com.testNG.vasu.MultipleTestNGTest" name="smruthi" time="0.011"/>
  <system-out/>
</testsuite> <!-- com.testNG.vasu.MultipleTestNGTest -->
