<?xml version="1.0" encoding="UTF-8"?>
<!-- Generated by org.testng.reporters.JUnitReportReporter -->
<testsuite hostname="DESKTOP-TA655VC" failures="0" tests="2" name="com.testNG.vasu.EmployeeCreationTest" time="10.723" errors="0" timestamp="2023-07-07T07:25:16 IST" skipped="0">
  <testcase classname="com.testNG.vasu.EmployeeCreationTest" name="empCreation" time="4.264"/>
  <system-out/>
  <testcase classname="com.testNG.vasu.EmployeeCreationTest" name="empCreation" time="6.459"/>
  <system-out/>
</testsuite> <!-- com.testNG.vasu.EmployeeCreationTest -->
